0 info it worked if it ends with ok
1 verbose cli [ 'node', '/usr/local/bin/npm', '-g', 'i', 'weinre' ]
2 info using npm@2.0.0
3 info using node@v0.10.32
4 verbose node symlink /usr/local/bin/node
5 verbose cache add [ 'weinre', null ]
6 verbose cache add spec="weinre" args=["weinre",null]
7 verbose parsed spec { raw: 'weinre',
7 verbose parsed spec   scope: null,
7 verbose parsed spec   name: 'weinre',
7 verbose parsed spec   rawSpec: '',
7 verbose parsed spec   spec: '*',
7 verbose parsed spec   type: 'range' }
8 verbose parsed spec { raw: 'weinre',
8 verbose parsed spec   scope: null,
8 verbose parsed spec   name: 'weinre',
8 verbose parsed spec   rawSpec: '',
8 verbose parsed spec   spec: '*',
8 verbose parsed spec   type: 'range' }
9 verbose addNamed [ 'weinre', '*' ]
10 verbose addNamed [ null, '*' ]
11 silly lockFile fcbf1932-weinre weinre@*
12 verbose lock weinre@* /Users/joel/.npm/fcbf1932-weinre.lock
13 silly addNameRange { name: 'weinre', range: '*', hasData: false }
14 verbose mapToRegistry name weinre
15 verbose mapToRegistry uri https://registry.npmjs.org/weinre
16 verbose request on initialization, where is /weinre
17 verbose request after pass 1, where is /weinre
18 verbose request url raw /weinre
19 verbose request resolving registry [ 'https://registry.npmjs.org/', './weinre' ]
20 verbose request after pass 2, where is https://registry.npmjs.org/weinre
21 verbose request no auth needed
22 info attempt registry request try #1 at 15:23:41
23 verbose request id af8053b4d81327da
24 http request GET https://registry.npmjs.org/weinre
25 http 200 https://registry.npmjs.org/weinre
26 silly registry.get cb [ 200,
26 silly registry.get   { server: 'CouchDB/1.5.0 (Erlang OTP/R16B03)',
26 silly registry.get     etag: '"34N2UQKETK3L7FOSSWZ4Y1A21"',
26 silly registry.get     'content-type': 'application/json',
26 silly registry.get     'cache-control': 'max-age=60',
26 silly registry.get     'content-length': '18547',
26 silly registry.get     'accept-ranges': 'bytes',
26 silly registry.get     date: 'Sat, 08 Aug 2015 07:23:38 GMT',
26 silly registry.get     via: '1.1 varnish',
26 silly registry.get     age: '0',
26 silly registry.get     connection: 'keep-alive',
26 silly registry.get     'x-served-by': 'cache-nrt6123-NRT',
26 silly registry.get     'x-cache': 'HIT',
26 silly registry.get     'x-cache-hits': '1',
26 silly registry.get     'x-timer': 'S1439018617.658839,VS0,VE473',
26 silly registry.get     vary: 'Accept' } ]
27 silly addNameRange number 2 { name: 'weinre', range: '*', hasData: true }
28 silly addNameRange versions [ 'weinre',
28 silly addNameRange   [ '2.0.0-pre-H0WTHDO5-incubating',
28 silly addNameRange     '2.0.0-pre-H1GCS73N-incubating',
28 silly addNameRange     '2.0.0-pre-H3FWTQKQ-incubating',
28 silly addNameRange     '2.0.0-pre-H41DGW8S-incubating',
28 silly addNameRange     '2.0.0-pre-H8EOSCLN-incubating',
28 silly addNameRange     '2.0.0-pre-H9PU2WST-incubating',
28 silly addNameRange     '2.0.0-pre-HA5N9T49',
28 silly addNameRange     '2.0.0-pre-HG9PLCRF',
28 silly addNameRange     '2.0.0-pre-HH0SN197',
28 silly addNameRange     '2.0.0-pre-HYFXM3QM',
28 silly addNameRange     '2.0.0-pre-HZ79PDUK',
28 silly addNameRange     '2.0.0-pre-HZO3BMNG',
28 silly addNameRange     '2.0.0-pre-I0Z7U9OV' ] ]
29 verbose addNamed [ 'weinre', '2.0.0-pre-I0Z7U9OV' ]
30 verbose addNamed [ '2.0.0-pre-I0Z7U9OV', '2.0.0-pre-I0Z7U9OV' ]
31 silly lockFile faca16ef-weinre-2-0-0-pre-I0Z7U9OV weinre@2.0.0-pre-I0Z7U9OV
32 verbose lock weinre@2.0.0-pre-I0Z7U9OV /Users/joel/.npm/faca16ef-weinre-2-0-0-pre-I0Z7U9OV.lock
33 silly lockFile 549302ef-re-weinre-2-0-0-pre-I0Z7U9OV-tgz https://registry.npmjs.org/weinre/-/weinre-2.0.0-pre-I0Z7U9OV.tgz
34 verbose lock https://registry.npmjs.org/weinre/-/weinre-2.0.0-pre-I0Z7U9OV.tgz /Users/joel/.npm/549302ef-re-weinre-2-0-0-pre-I0Z7U9OV-tgz.lock
35 verbose addRemoteTarball [ 'https://registry.npmjs.org/weinre/-/weinre-2.0.0-pre-I0Z7U9OV.tgz',
35 verbose addRemoteTarball   'fef8aa223921f7b40bbbbd4c3ed4302f6fd0a813' ]
36 info retry fetch attempt 1 at 15:23:42
37 info attempt registry request try #1 at 15:23:42
38 http fetch GET https://registry.npmjs.org/weinre/-/weinre-2.0.0-pre-I0Z7U9OV.tgz
39 http fetch 200 https://registry.npmjs.org/weinre/-/weinre-2.0.0-pre-I0Z7U9OV.tgz
40 silly fetchAndShaCheck shasum fef8aa223921f7b40bbbbd4c3ed4302f6fd0a813
41 silly lockFile 549302ef-re-weinre-2-0-0-pre-I0Z7U9OV-tgz https://registry.npmjs.org/weinre/-/weinre-2.0.0-pre-I0Z7U9OV.tgz
42 silly lockFile 549302ef-re-weinre-2-0-0-pre-I0Z7U9OV-tgz https://registry.npmjs.org/weinre/-/weinre-2.0.0-pre-I0Z7U9OV.tgz
43 silly lockFile faca16ef-weinre-2-0-0-pre-I0Z7U9OV weinre@2.0.0-pre-I0Z7U9OV
44 silly lockFile faca16ef-weinre-2-0-0-pre-I0Z7U9OV weinre@2.0.0-pre-I0Z7U9OV
45 silly lockFile fcbf1932-weinre weinre@*
46 silly lockFile fcbf1932-weinre weinre@*
47 verbose stack Error: shasum check failed for /tmp/npm-1450-upPCcRZ0/registry.npmjs.org/weinre/-/weinre-2.0.0-pre-I0Z7U9OV.tgz
47 verbose stack Expected: fef8aa223921f7b40bbbbd4c3ed4302f6fd0a813
47 verbose stack Actual:   7a9a5028bac9d50e40d1159c2c749a159009ecbe
47 verbose stack From:     https://registry.npmjs.org/weinre/-/weinre-2.0.0-pre-I0Z7U9OV.tgz
47 verbose stack     at /usr/local/lib/node_modules/npm/node_modules/sha/index.js:38:8
47 verbose stack     at ReadStream.<anonymous> (/usr/local/lib/node_modules/npm/node_modules/sha/index.js:85:7)
47 verbose stack     at ReadStream.emit (events.js:117:20)
47 verbose stack     at _stream_readable.js:943:16
47 verbose stack     at process._tickCallback (node.js:419:13)
48 verbose cwd /Users/joel/github/front-end-note
49 error Darwin 14.4.0
50 error argv "node" "/usr/local/bin/npm" "-g" "i" "weinre"
51 error node v0.10.32
52 error npm  v2.0.0
53 error shasum check failed for /tmp/npm-1450-upPCcRZ0/registry.npmjs.org/weinre/-/weinre-2.0.0-pre-I0Z7U9OV.tgz
53 error Expected: fef8aa223921f7b40bbbbd4c3ed4302f6fd0a813
53 error Actual:   7a9a5028bac9d50e40d1159c2c749a159009ecbe
53 error From:     https://registry.npmjs.org/weinre/-/weinre-2.0.0-pre-I0Z7U9OV.tgz
54 error If you need help, you may report this error at:
54 error     <http://github.com/npm/npm/issues>
55 verbose exit [ 1, true ]
